[21:56:28] [Client thread/INFO]: Setting user: Player979
[21:56:33] [Client thread/WARN]: Skipping bad option: lastServer:
[21:56:33] [Client thread/INFO]: LWJGL Version: 2.9.2
[21:56:36] [Client thread/INFO]: Reloading ResourceManager: Default, FMLFileResourcePack:Forge Mod Loader, FMLFileResourcePack:Minecraft Forge, FMLFileResourcePack:Matt Mod for Minecraft
[21:56:38] [Sound Library Loader/INFO]: Starting up SoundSystem...
[21:56:38] [Thread-6/INFO]: Initializing LWJGL OpenAL
[21:56:38] [Thread-6/INFO]: (The LWJGL binding of OpenAL.  For more information, see http://www.lwjgl.org)
[21:56:38] [Thread-6/INFO]: OpenAL initialized.
[21:56:38] [Sound Library Loader/INFO]: Sound engine started
[21:56:41] [Client thread/INFO]: Created: 16x16 textures-atlas
[21:56:42] [Client thread/INFO]: Reloading ResourceManager: Default, FMLFileResourcePack:Forge Mod Loader, FMLFileResourcePack:Minecraft Forge, FMLFileResourcePack:Matt Mod for Minecraft
[21:56:42] [Client thread/INFO]: SoundSystem shutting down...
[21:56:43] [Client thread/WARN]: Author: Paul Lamb, www.paulscode.com
[21:56:43] [Sound Library Loader/INFO]: Starting up SoundSystem...
[21:56:43] [Thread-8/INFO]: Initializing LWJGL OpenAL
[21:56:43] [Thread-8/INFO]: (The LWJGL binding of OpenAL.  For more information, see http://www.lwjgl.org)
[21:56:43] [Thread-8/INFO]: OpenAL initialized.
[21:56:43] [Sound Library Loader/INFO]: Sound engine started
[21:56:44] [Client thread/INFO]: Created: 512x512 textures-atlas
[21:56:44] [Client thread/WARN]: Skipping bad option: lastServer:
[21:56:45] [Realms Notification Availability checker #1/INFO]: Could not authorize you against Realms server: Invalid session id
[21:57:00] [Client thread/INFO]: Stopping!
[21:57:00] [Client thread/INFO]: SoundSystem shutting down...
[21:57:00] [Client thread/WARN]: Author: Paul Lamb, www.paulscode.com
